<?xml version="1.0" encoding="UTF-8"?>
<testsuite xmlns:xsi="http://www.w3.org/2001/XMLSchema-instance" xsi:noNamespaceSchemaLocation="https://maven.apache.org/surefire/maven-surefire-plugin/xsd/surefire-test-report-3.0.xsd" version="3.0" name="com.example.demo.DemoApplicationTests" time="2.103" tests="1" errors="0" skipped="0" failures="0">
  <properties>
    <property name="java.specification.version" value="22"/>
    <property name="sun.cpu.isalist" value="amd64"/>
    <property name="sun.jnu.encoding" value="GBK"/>
    <property name="java.class.path" value="D:\workspace\demo\target\test-classes;D:\workspace\demo\target\classes;D:\repository\org\springframework\boot\spring-boot-starter-web\2.6.13\spring-boot-starter-web-2.6.13.jar;D:\repository\org\springframework\boot\spring-boot-starter\2.6.13\spring-boot-starter-2.6.13.jar;D:\repository\org\springframework\boot\spring-boot-starter-logging\2.6.13\spring-boot-starter-logging-2.6.13.jar;D:\repository\ch\qos\logback\logback-classic\1.2.11\logback-classic-1.2.11.jar;D:\repository\ch\qos\logback\logback-core\1.2.11\logback-core-1.2.11.jar;D:\repository\org\apache\logging\log4j\log4j-to-slf4j\2.17.2\log4j-to-slf4j-2.17.2.jar;D:\repository\org\apache\logging\log4j\log4j-api\2.17.2\log4j-api-2.17.2.jar;D:\repository\org\slf4j\jul-to-slf4j\1.7.36\jul-to-slf4j-1.7.36.jar;D:\repository\jakarta\annotation\jakarta.annotation-api\1.3.5\jakarta.annotation-api-1.3.5.jar;D:\repository\org\yaml\snakeyaml\1.29\snakeyaml-1.29.jar;D:\repository\org\springframework\boot\spring-boot-starter-json\2.6.13\spring-boot-starter-json-2.6.13.jar;D:\repository\com\fasterxml\jackson\core\jackson-databind\2.13.4.2\jackson-databind-2.13.4.2.jar;D:\repository\com\fasterxml\jackson\core\jackson-annotations\2.13.4\jackson-annotations-2.13.4.jar;D:\repository\com\fasterxml\jackson\core\jackson-core\2.13.4\jackson-core-2.13.4.jar;D:\repository\com\fasterxml\jackson\datatype\jackson-datatype-jdk8\2.13.4\jackson-datatype-jdk8-2.13.4.jar;D:\repository\com\fasterxml\jackson\datatype\jackson-datatype-jsr310\2.13.4\jackson-datatype-jsr310-2.13.4.jar;D:\repository\com\fasterxml\jackson\module\jackson-module-parameter-names\2.13.4\jackson-module-parameter-names-2.13.4.jar;D:\repository\org\springframework\boot\spring-boot-starter-tomcat\2.6.13\spring-boot-starter-tomcat-2.6.13.jar;D:\repository\org\apache\tomcat\embed\tomcat-embed-core\9.0.68\tomcat-embed-core-9.0.68.jar;D:\repository\org\apache\tomcat\embed\tomcat-embed-el\9.0.68\tomcat-embed-el-9.0.68.jar;D:\repository\org\apache\tomcat\embed\tomcat-embed-websocket\9.0.68\tomcat-embed-websocket-9.0.68.jar;D:\repository\org\springframework\spring-web\5.3.23\spring-web-5.3.23.jar;D:\repository\org\springframework\spring-beans\5.3.23\spring-beans-5.3.23.jar;D:\repository\org\springframework\spring-webmvc\5.3.23\spring-webmvc-5.3.23.jar;D:\repository\org\springframework\spring-aop\5.3.23\spring-aop-5.3.23.jar;D:\repository\org\springframework\spring-context\5.3.23\spring-context-5.3.23.jar;D:\repository\org\springframework\spring-expression\5.3.23\spring-expression-5.3.23.jar;D:\repository\org\springframework\boot\spring-boot-devtools\2.6.13\spring-boot-devtools-2.6.13.jar;D:\repository\org\springframework\boot\spring-boot\2.6.13\spring-boot-2.6.13.jar;D:\repository\org\springframework\boot\spring-boot-autoconfigure\2.6.13\spring-boot-autoconfigure-2.6.13.jar;D:\repository\org\projectlombok\lombok\1.18.24\lombok-1.18.24.jar;D:\repository\org\springframework\boot\spring-boot-starter-test\2.6.13\spring-boot-starter-test-2.6.13.jar;D:\repository\org\springframework\boot\spring-boot-test\2.6.13\spring-boot-test-2.6.13.jar;D:\repository\org\springframework\boot\spring-boot-test-autoconfigure\2.6.13\spring-boot-test-autoconfigure-2.6.13.jar;D:\repository\com\jayway\jsonpath\json-path\2.6.0\json-path-2.6.0.jar;D:\repository\net\minidev\json-smart\2.4.8\json-smart-2.4.8.jar;D:\repository\net\minidev\accessors-smart\2.4.8\accessors-smart-2.4.8.jar;D:\repository\org\ow2\asm\asm\9.1\asm-9.1.jar;D:\repository\org\slf4j\slf4j-api\1.7.36\slf4j-api-1.7.36.jar;D:\repository\jakarta\xml\bind\jakarta.xml.bind-api\2.3.3\jakarta.xml.bind-api-2.3.3.jar;D:\repository\jakarta\activation\jakarta.activation-api\1.2.2\jakarta.activation-api-1.2.2.jar;D:\repository\org\assertj\assertj-core\3.21.0\assertj-core-3.21.0.jar;D:\repository\org\hamcrest\hamcrest\2.2\hamcrest-2.2.jar;D:\repository\org\junit\jupiter\junit-jupiter\5.8.2\junit-jupiter-5.8.2.jar;D:\repository\org\junit\jupiter\junit-jupiter-api\5.8.2\junit-jupiter-api-5.8.2.jar;D:\repository\org\opentest4j\opentest4j\1.2.0\opentest4j-1.2.0.jar;D:\repository\org\junit\platform\junit-platform-commons\1.8.2\junit-platform-commons-1.8.2.jar;D:\repository\org\apiguardian\apiguardian-api\1.1.2\apiguardian-api-1.1.2.jar;D:\repository\org\junit\jupiter\junit-jupiter-params\5.8.2\junit-jupiter-params-5.8.2.jar;D:\repository\org\junit\jupiter\junit-jupiter-engine\5.8.2\junit-jupiter-engine-5.8.2.jar;D:\repository\org\junit\platform\junit-platform-engine\1.8.2\junit-platform-engine-1.8.2.jar;D:\repository\org\mockito\mockito-core\4.0.0\mockito-core-4.0.0.jar;D:\repository\net\bytebuddy\byte-buddy\1.11.22\byte-buddy-1.11.22.jar;D:\repository\net\bytebuddy\byte-buddy-agent\1.11.22\byte-buddy-agent-1.11.22.jar;D:\repository\org\objenesis\objenesis\3.2\objenesis-3.2.jar;D:\repository\org\mockito\mockito-junit-jupiter\4.0.0\mockito-junit-jupiter-4.0.0.jar;D:\repository\org\skyscreamer\jsonassert\1.5.1\jsonassert-1.5.1.jar;D:\repository\com\vaadin\external\google\android-json\0.0.20131108.vaadin1\android-json-0.0.20131108.vaadin1.jar;D:\repository\org\springframework\spring-core\5.3.23\spring-core-5.3.23.jar;D:\repository\org\springframework\spring-jcl\5.3.23\spring-jcl-5.3.23.jar;D:\repository\org\springframework\spring-test\5.3.23\spring-test-5.3.23.jar;D:\repository\org\xmlunit\xmlunit-core\2.8.4\xmlunit-core-2.8.4.jar;D:\repository\org\springframework\restdocs\spring-restdocs-mockmvc\2.0.6.RELEASE\spring-restdocs-mockmvc-2.0.6.RELEASE.jar;D:\repository\org\springframework\restdocs\spring-restdocs-core\2.0.6.RELEASE\spring-restdocs-core-2.0.6.RELEASE.jar;D:\repository\javax\servlet\javax.servlet-api\4.0.1\javax.servlet-api-4.0.1.jar;D:\repository\junit\junit\4.13.2\junit-4.13.2.jar;D:\repository\org\hamcrest\hamcrest-core\2.2\hamcrest-core-2.2.jar;"/>
    <property name="java.vm.vendor" value="Oracle Corporation"/>
    <property name="sun.arch.data.model" value="64"/>
    <property name="user.variant" value=""/>
    <property name="java.vendor.url" value="https://java.oracle.com/"/>
    <property name="user.timezone" value="Asia/Shanghai"/>
    <property name="os.name" value="Windows 11"/>
    <property name="java.vm.specification.version" value="22"/>
    <property name="sun.java.launcher" value="SUN_STANDARD"/>
    <property name="user.country" value="CN"/>
    <property name="sun.boot.library.path" value="C:\Program Files\Java\jdk-22\bin"/>
    <property name="sun.java.command" value="C:\Users\mylove\AppData\Local\Temp\surefire12499725570812224594\surefirebooter-20250515163641073_3.jar C:\Users\mylove\AppData\Local\Temp\surefire12499725570812224594 2025-05-15T16-36-40_885-jvmRun1 surefire-20250515163641073_1tmp surefire_0-20250515163641073_2tmp"/>
    <property name="jdk.debug" value="release"/>
    <property name="surefire.test.class.path" value="D:\workspace\demo\target\test-classes;D:\workspace\demo\target\classes;D:\repository\org\springframework\boot\spring-boot-starter-web\2.6.13\spring-boot-starter-web-2.6.13.jar;D:\repository\org\springframework\boot\spring-boot-starter\2.6.13\spring-boot-starter-2.6.13.jar;D:\repository\org\springframework\boot\spring-boot-starter-logging\2.6.13\spring-boot-starter-logging-2.6.13.jar;D:\repository\ch\qos\logback\logback-classic\1.2.11\logback-classic-1.2.11.jar;D:\repository\ch\qos\logback\logback-core\1.2.11\logback-core-1.2.11.jar;D:\repository\org\apache\logging\log4j\log4j-to-slf4j\2.17.2\log4j-to-slf4j-2.17.2.jar;D:\repository\org\apache\logging\log4j\log4j-api\2.17.2\log4j-api-2.17.2.jar;D:\repository\org\slf4j\jul-to-slf4j\1.7.36\jul-to-slf4j-1.7.36.jar;D:\repository\jakarta\annotation\jakarta.annotation-api\1.3.5\jakarta.annotation-api-1.3.5.jar;D:\repository\org\yaml\snakeyaml\1.29\snakeyaml-1.29.jar;D:\repository\org\springframework\boot\spring-boot-starter-json\2.6.13\spring-boot-starter-json-2.6.13.jar;D:\repository\com\fasterxml\jackson\core\jackson-databind\2.13.4.2\jackson-databind-2.13.4.2.jar;D:\repository\com\fasterxml\jackson\core\jackson-annotations\2.13.4\jackson-annotations-2.13.4.jar;D:\repository\com\fasterxml\jackson\core\jackson-core\2.13.4\jackson-core-2.13.4.jar;D:\repository\com\fasterxml\jackson\datatype\jackson-datatype-jdk8\2.13.4\jackson-datatype-jdk8-2.13.4.jar;D:\repository\com\fasterxml\jackson\datatype\jackson-datatype-jsr310\2.13.4\jackson-datatype-jsr310-2.13.4.jar;D:\repository\com\fasterxml\jackson\module\jackson-module-parameter-names\2.13.4\jackson-module-parameter-names-2.13.4.jar;D:\repository\org\springframework\boot\spring-boot-starter-tomcat\2.6.13\spring-boot-starter-tomcat-2.6.13.jar;D:\repository\org\apache\tomcat\embed\tomcat-embed-core\9.0.68\tomcat-embed-core-9.0.68.jar;D:\repository\org\apache\tomcat\embed\tomcat-embed-el\9.0.68\tomcat-embed-el-9.0.68.jar;D:\repository\org\apache\tomcat\embed\tomcat-embed-websocket\9.0.68\tomcat-embed-websocket-9.0.68.jar;D:\repository\org\springframework\spring-web\5.3.23\spring-web-5.3.23.jar;D:\repository\org\springframework\spring-beans\5.3.23\spring-beans-5.3.23.jar;D:\repository\org\springframework\spring-webmvc\5.3.23\spring-webmvc-5.3.23.jar;D:\repository\org\springframework\spring-aop\5.3.23\spring-aop-5.3.23.jar;D:\repository\org\springframework\spring-context\5.3.23\spring-context-5.3.23.jar;D:\repository\org\springframework\spring-expression\5.3.23\spring-expression-5.3.23.jar;D:\repository\org\springframework\boot\spring-boot-devtools\2.6.13\spring-boot-devtools-2.6.13.jar;D:\repository\org\springframework\boot\spring-boot\2.6.13\spring-boot-2.6.13.jar;D:\repository\org\springframework\boot\spring-boot-autoconfigure\2.6.13\spring-boot-autoconfigure-2.6.13.jar;D:\repository\org\projectlombok\lombok\1.18.24\lombok-1.18.24.jar;D:\repository\org\springframework\boot\spring-boot-starter-test\2.6.13\spring-boot-starter-test-2.6.13.jar;D:\repository\org\springframework\boot\spring-boot-test\2.6.13\spring-boot-test-2.6.13.jar;D:\repository\org\springframework\boot\spring-boot-test-autoconfigure\2.6.13\spring-boot-test-autoconfigure-2.6.13.jar;D:\repository\com\jayway\jsonpath\json-path\2.6.0\json-path-2.6.0.jar;D:\repository\net\minidev\json-smart\2.4.8\json-smart-2.4.8.jar;D:\repository\net\minidev\accessors-smart\2.4.8\accessors-smart-2.4.8.jar;D:\repository\org\ow2\asm\asm\9.1\asm-9.1.jar;D:\repository\org\slf4j\slf4j-api\1.7.36\slf4j-api-1.7.36.jar;D:\repository\jakarta\xml\bind\jakarta.xml.bind-api\2.3.3\jakarta.xml.bind-api-2.3.3.jar;D:\repository\jakarta\activation\jakarta.activation-api\1.2.2\jakarta.activation-api-1.2.2.jar;D:\repository\org\assertj\assertj-core\3.21.0\assertj-core-3.21.0.jar;D:\repository\org\hamcrest\hamcrest\2.2\hamcrest-2.2.jar;D:\repository\org\junit\jupiter\junit-jupiter\5.8.2\junit-jupiter-5.8.2.jar;D:\repository\org\junit\jupiter\junit-jupiter-api\5.8.2\junit-jupiter-api-5.8.2.jar;D:\repository\org\opentest4j\opentest4j\1.2.0\opentest4j-1.2.0.jar;D:\repository\org\junit\platform\junit-platform-commons\1.8.2\junit-platform-commons-1.8.2.jar;D:\repository\org\apiguardian\apiguardian-api\1.1.2\apiguardian-api-1.1.2.jar;D:\repository\org\junit\jupiter\junit-jupiter-params\5.8.2\junit-jupiter-params-5.8.2.jar;D:\repository\org\junit\jupiter\junit-jupiter-engine\5.8.2\junit-jupiter-engine-5.8.2.jar;D:\repository\org\junit\platform\junit-platform-engine\1.8.2\junit-platform-engine-1.8.2.jar;D:\repository\org\mockito\mockito-core\4.0.0\mockito-core-4.0.0.jar;D:\repository\net\bytebuddy\byte-buddy\1.11.22\byte-buddy-1.11.22.jar;D:\repository\net\bytebuddy\byte-buddy-agent\1.11.22\byte-buddy-agent-1.11.22.jar;D:\repository\org\objenesis\objenesis\3.2\objenesis-3.2.jar;D:\repository\org\mockito\mockito-junit-jupiter\4.0.0\mockito-junit-jupiter-4.0.0.jar;D:\repository\org\skyscreamer\jsonassert\1.5.1\jsonassert-1.5.1.jar;D:\repository\com\vaadin\external\google\android-json\0.0.20131108.vaadin1\android-json-0.0.20131108.vaadin1.jar;D:\repository\org\springframework\spring-core\5.3.23\spring-core-5.3.23.jar;D:\repository\org\springframework\spring-jcl\5.3.23\spring-jcl-5.3.23.jar;D:\repository\org\springframework\spring-test\5.3.23\spring-test-5.3.23.jar;D:\repository\org\xmlunit\xmlunit-core\2.8.4\xmlunit-core-2.8.4.jar;D:\repository\org\springframework\restdocs\spring-restdocs-mockmvc\2.0.6.RELEASE\spring-restdocs-mockmvc-2.0.6.RELEASE.jar;D:\repository\org\springframework\restdocs\spring-restdocs-core\2.0.6.RELEASE\spring-restdocs-core-2.0.6.RELEASE.jar;D:\repository\javax\servlet\javax.servlet-api\4.0.1\javax.servlet-api-4.0.1.jar;D:\repository\junit\junit\4.13.2\junit-4.13.2.jar;D:\repository\org\hamcrest\hamcrest-core\2.2\hamcrest-core-2.2.jar;"/>
    <property name="sun.cpu.endian" value="little"/>
    <property name="user.home" value="C:\Users\mylove"/>
    <property name="user.language" value="zh"/>
    <property name="java.specification.vendor" value="Oracle Corporation"/>
    <property name="java.version.date" value="2024-04-16"/>
    <property name="java.home" value="C:\Program Files\Java\jdk-22"/>
    <property name="file.separator" value="\"/>
    <property name="basedir" value="D:\workspace\demo"/>
    <property name="java.vm.compressedOopsMode" value="Zero based"/>
    <property name="line.separator" value="&#10;"/>
    <property name="java.vm.specification.vendor" value="Oracle Corporation"/>
    <property name="java.specification.name" value="Java Platform API Specification"/>
    <property name="FILE_LOG_CHARSET" value="UTF-8"/>
    <property name="java.awt.headless" value="true"/>
    <property name="surefire.real.class.path" value="C:\Users\mylove\AppData\Local\Temp\surefire12499725570812224594\surefirebooter-20250515163641073_3.jar"/>
    <property name="user.script" value=""/>
    <property name="sun.management.compiler" value="HotSpot 64-Bit Tiered Compilers"/>
    <property name="java.runtime.version" value="22.0.1+8-16"/>
    <property name="user.name" value="mylove"/>
    <property name="stdout.encoding" value="GBK"/>
    <property name="path.separator" value=";"/>
    <property name="os.version" value="10.0"/>
    <property name="java.runtime.name" value="Java(TM) SE Runtime Environment"/>
    <property name="file.encoding" value="UTF-8"/>
    <property name="spring.beaninfo.ignore" value="true"/>
    <property name="java.vm.name" value="Java HotSpot(TM) 64-Bit Server VM"/>
    <property name="localRepository" value="D:\repository"/>
    <property name="java.vendor.url.bug" value="https://bugreport.java.com/bugreport/"/>
    <property name="java.io.tmpdir" value="C:\Users\mylove\AppData\Local\Temp\"/>
    <property name="idea.version" value="2023.2.8"/>
    <property name="java.version" value="22.0.1"/>
    <property name="user.dir" value="D:\workspace\demo"/>
    <property name="os.arch" value="amd64"/>
    <property name="java.vm.specification.name" value="Java Virtual Machine Specification"/>
    <property name="PID" value="20456"/>
    <property name="sun.os.patch.level" value=""/>
    <property name="CONSOLE_LOG_CHARSET" value="UTF-8"/>
    <property name="native.encoding" value="GBK"/>
    <property name="java.library.path" value="C:\Program Files\Java\jdk-22\bin;C:\WINDOWS\Sun\Java\bin;C:\WINDOWS\system32;C:\WINDOWS;C:\Python312\Scripts\;C:\Python312\;C:\Program Files (x86)\Common Files\Oracle\Java\javapath;C:\Program Files\Microsoft\jdk-11.0.16.101-hotspot\bin;C:\WINDOWS\system32;C:\WINDOWS;C:\WINDOWS\System32\Wbem;C:\WINDOWS\System32\WindowsPowerShell\v1.0\;C:\WINDOWS\System32\OpenSSH\;C:\Program Files\Microsoft SQL Server\150\Tools\Binn\;C:\Program Files\Microsoft SQL Server\Client SDK\ODBC\170\Tools\Binn\;C:\Program Files\dotnet\;C:\Program Files\IDM Computer Solutions\UltraCompare;D:\apache-maven-3.8.8\bin;C:\Program Files\Java\jdk1.8.0_261\bin;C:\Program Files\Java\jdk1.8.0_261\jre\bin;C:\Program Files\MySQL\MySQL Server 5.7\bin;D:\Program Files\Git\cmd;D:\Program Files\nodejs\;C:\ProgramData\chocolatey\bin;C:\Program Files\Cloudflare\Cloudflare WARP\;C:\Users\mylove\AppData\Local\Microsoft\WindowsApps;C:\Users\mylove\.dotnet\tools;C:\Users\mylove\AppData\Roaming\npm;."/>
    <property name="java.vm.info" value="mixed mode, sharing"/>
    <property name="stderr.encoding" value="GBK"/>
    <property name="java.vendor" value="Oracle Corporation"/>
    <property name="java.vm.version" value="22.0.1+8-16"/>
    <property name="sun.io.unicode.encoding" value="UnicodeLittle"/>
    <property name="maven.repo.local" value="D:\repository"/>
    <property name="java.class.version" value="66.0"/>
  </properties>
  <testcase name="testServiceMethod" classname="com.example.demo.DemoApplicationTests" time="0.165">
    <system-out><![CDATA[16:36:42.024 [main] DEBUG org.springframework.test.context.BootstrapUtils - Instantiating CacheAwareContextLoaderDelegate from class [org.springframework.test.context.cache.DefaultCacheAwareContextLoaderDelegate]
16:36:42.032 [main] DEBUG org.springframework.test.context.BootstrapUtils - Instantiating BootstrapContext using constructor [public org.springframework.test.context.support.DefaultBootstrapContext(java.lang.Class,org.springframework.test.context.CacheAwareContextLoaderDelegate)]
16:36:42.061 [main] DEBUG org.springframework.test.context.BootstrapUtils - Instantiating TestContextBootstrapper for test class [com.example.demo.DemoApplicationTests] from class [org.springframework.boot.test.context.SpringBootTestContextBootstrapper]
16:36:42.071 [main] INFO org.springframework.boot.test.context.SpringBootTestContextBootstrapper - Neither @ContextConfiguration nor @ContextHierarchy found for test class [com.example.demo.DemoApplicationTests], using SpringBootContextLoader
16:36:42.073 [main] DEBUG org.springframework.test.context.support.AbstractContextLoader - Did not detect default resource location for test class [com.example.demo.DemoApplicationTests]: class path resource [com/example/demo/DemoApplicationTests-context.xml] does not exist
16:36:42.074 [main] DEBUG org.springframework.test.context.support.AbstractContextLoader - Did not detect default resource location for test class [com.example.demo.DemoApplicationTests]: class path resource [com/example/demo/DemoApplicationTestsContext.groovy] does not exist
16:36:42.074 [main] INFO org.springframework.test.context.support.AbstractContextLoader - Could not detect default resource locations for test class [com.example.demo.DemoApplicationTests]: no resource found for suffixes {-context.xml, Context.groovy}.
16:36:42.076 [main] INFO org.springframework.test.context.support.AnnotationConfigContextLoaderUtils - Could not detect default configuration classes for test class [com.example.demo.DemoApplicationTests]: DemoApplicationTests does not declare any static, non-private, non-final, nested classes annotated with @Configuration.
16:36:42.120 [main] DEBUG org.springframework.test.context.support.ActiveProfilesUtils - Could not find an 'annotation declaring class' for annotation type [org.springframework.test.context.ActiveProfiles] and class [com.example.demo.DemoApplicationTests]
16:36:42.176 [main] DEBUG org.springframework.context.annotation.ClassPathScanningCandidateComponentProvider - Identified candidate component class: file [D:\workspace\demo\target\classes\com\example\demo\DemoApplication.class]
16:36:42.177 [main] INFO org.springframework.boot.test.context.SpringBootTestContextBootstrapper - Found @SpringBootConfiguration com.example.demo.DemoApplication for test class com.example.demo.DemoApplicationTests
16:36:42.266 [main] DEBUG org.springframework.boot.test.context.SpringBootTestContextBootstrapper - @TestExecutionListeners is not present for class [com.example.demo.DemoApplicationTests]: using defaults.
16:36:42.266 [main] INFO org.springframework.boot.test.context.SpringBootTestContextBootstrapper - Loaded default TestExecutionListener class names from location [META-INF/spring.factories]: [org.springframework.boot.test.mock.mockito.MockitoTestExecutionListener, org.springframework.boot.test.mock.mockito.ResetMocksTestExecutionListener, org.springframework.boot.test.autoconfigure.restdocs.RestDocsTestExecutionListener, org.springframework.boot.test.autoconfigure.web.client.MockRestServiceServerResetTestExecutionListener, org.springframework.boot.test.autoconfigure.web.servlet.MockMvcPrintOnlyOnFailureTestExecutionListener, org.springframework.boot.test.autoconfigure.web.servlet.WebDriverTestExecutionListener, org.springframework.boot.test.autoconfigure.webservices.client.MockWebServiceServerTestExecutionListener, org.springframework.test.context.web.ServletTestExecutionListener, org.springframework.test.context.support.DirtiesContextBeforeModesTestExecutionListener, org.springframework.test.context.event.ApplicationEventsTestExecutionListener, org.springframework.test.context.support.DependencyInjectionTestExecutionListener, org.springframework.test.context.support.DirtiesContextTestExecutionListener, org.springframework.test.context.transaction.TransactionalTestExecutionListener, org.springframework.test.context.jdbc.SqlScriptsTestExecutionListener, org.springframework.test.context.event.EventPublishingTestExecutionListener]
16:36:42.273 [main] DEBUG org.springframework.boot.test.context.SpringBootTestContextBootstrapper - Skipping candidate TestExecutionListener [org.springframework.test.context.transaction.TransactionalTestExecutionListener] due to a missing dependency. Specify custom listener classes or make the default listener classes and their required dependencies available. Offending class: [org/springframework/transaction/interceptor/TransactionAttributeSource]
16:36:42.274 [main] DEBUG org.springframework.boot.test.context.SpringBootTestContextBootstrapper - Skipping candidate TestExecutionListener [org.springframework.test.context.jdbc.SqlScriptsTestExecutionListener] due to a missing dependency. Specify custom listener classes or make the default listener classes and their required dependencies available. Offending class: [org/springframework/transaction/interceptor/TransactionAttribute]
16:36:42.274 [main] INFO org.springframework.boot.test.context.SpringBootTestContextBootstrapper - Using TestExecutionListeners: [org.springframework.test.context.web.ServletTestExecutionListener@29ca3d04, org.springframework.test.context.support.DirtiesContextBeforeModesTestExecutionListener@b2c5e07, org.springframework.test.context.event.ApplicationEventsTestExecutionListener@5812f68b, org.springframework.boot.test.mock.mockito.MockitoTestExecutionListener@4426bff1, org.springframework.boot.test.autoconfigure.SpringBootDependencyInjectionTestExecutionListener@3c7c886c, org.springframework.test.context.support.DirtiesContextTestExecutionListener@55493582, org.springframework.test.context.event.EventPublishingTestExecutionListener@1a20270e, org.springframework.boot.test.mock.mockito.ResetMocksTestExecutionListener@6b88ca8c, org.springframework.boot.test.autoconfigure.restdocs.RestDocsTestExecutionListener@336f1079, org.springframework.boot.test.autoconfigure.web.client.MockRestServiceServerResetTestExecutionListener@2f16c6b3, org.springframework.boot.test.autoconfigure.web.servlet.MockMvcPrintOnlyOnFailureTestExecutionListener@34158c08, org.springframework.boot.test.autoconfigure.web.servlet.WebDriverTestExecutionListener@19e4fcac, org.springframework.boot.test.autoconfigure.webservices.client.MockWebServiceServerTestExecutionListener@52c3cb31]
16:36:42.277 [main] DEBUG org.springframework.test.context.support.AbstractDirtiesContextTestExecutionListener - Before test class: context [DefaultTestContext@3a4621bd testClass = DemoApplicationTests, testInstance = [null], testMethod = [null], testException = [null], mergedContextConfiguration = [WebMergedContextConfiguration@31dadd46 testClass = DemoApplicationTests, locations = '{}', classes = '{class com.example.demo.DemoApplication}', contextInitializerClasses = '[]', activeProfiles = '{}', propertySourceLocations = '{}', propertySourceProperties = '{org.springframework.boot.test.context.SpringBootTestContextBootstrapper=true}', contextCustomizers = set[org.springframework.boot.test.context.filter.ExcludeFilterContextCustomizer@60099951, org.springframework.boot.test.json.DuplicateJsonObjectContextCustomizerFactory$DuplicateJsonObjectContextCustomizer@368247b9, org.springframework.boot.test.mock.mockito.MockitoContextCustomizer@0, org.springframework.boot.test.web.client.TestRestTemplateContextCustomizer@2a265ea9, org.springframework.boot.test.autoconfigure.actuate.metrics.MetricsExportContextCustomizerFactory$DisableMetricExportContextCustomizer@6e9175d8, org.springframework.boot.test.autoconfigure.properties.PropertyMappingContextCustomizer@0, org.springframework.boot.test.autoconfigure.web.servlet.WebDriverContextCustomizerFactory$Customizer@1cf6d1be, org.springframework.boot.test.context.SpringBootTestArgs@1, org.springframework.boot.test.context.SpringBootTestWebEnvironment@6366ebe0], resourceBasePath = 'src/main/webapp', contextLoader = 'org.springframework.boot.test.context.SpringBootContextLoader', parent = [null]], attributes = map['org.springframework.test.context.web.ServletTestExecutionListener.activateListener' -> true]], class annotated with @DirtiesContext [false] with mode [null].

  .   ____          _            __ _ _
 /\\ / ___'_ __ _ _(_)_ __  __ _ \ \ \ \
( ( )\___ | '_ | '_| | '_ \/ _` | \ \ \ \
 \\/  ___)| |_)| | | | | || (_| |  ) ) ) )
  '  |____| .__|_| |_|_| |_\__, | / / / /
 =========|_|==============|___/=/_/_/_/
 :: Spring Boot ::               (v2.6.13)

2025-05-15 16:36:42.657  INFO 20456 --- [           main] com.example.demo.DemoApplicationTests    : Starting DemoApplicationTests using Java 22.0.1 on TABLET-8R4OISBI with PID 20456 (started by mylove in D:\workspace\demo)
2025-05-15 16:36:42.659  INFO 20456 --- [           main] com.example.demo.DemoApplicationTests    : No active profile set, falling back to 1 default profile: "default"
2025-05-15 16:36:43.746  INFO 20456 --- [           main] o.s.b.a.w.s.WelcomePageHandlerMapping    : Adding welcome page: class path resource [static/index.html]
2025-05-15 16:36:43.872  INFO 20456 --- [           main] com.example.demo.DemoApplicationTests    : Started DemoApplicationTests in 1.566 seconds (JVM running for 2.694)
->  aabbbad
->  aaad
->  d
->  abbbad, ccc  is replaced by  b
->  aaad, bbb  is replaced by  a
->  d
]]></system-out>
  </testcase>
</testsuite>